app/build/intermediates/manifest_merge_blame_file/release/manifest-merger-blame-release-report.txt
1<?xml version="1.0" encoding="utf-8"?>
2<!--
3 Copyright (c) 2010-2011, The MiCode Open Source Community (www.micode.net)
4
5     Licensed under the Apache License, Version 2.0 (the "License");
6     you may not use this file except in compliance with the License.
7     You may obtain a copy of the License at
8
9          http://www.apache.org/licenses/LICENSE-2.0
10
11     Unless required by applicable law or agreed to in writing, software
12     distributed under the License is distributed on an "AS IS" BASIS,
13     WITHOUT WARRANTIES OR CONDITIONS OF ANY KIND, either express or implied.
14     See the License for the specific language governing permissions and
15     limitations under the License.
16-->
17<manifest xmlns:android="http://schemas.android.com/apk/res/android"
18    package="net.micode.notes"
19    android:versionCode="1"
20    android:versionName="0.1" >
21
22    <uses-sdk
23        android:minSdkVersion="11"
24        android:targetSdkVersion="11" />
25
26    <!-- uses-sdk android:minSdkVersion="14" / -->
27
28    <uses-permission android:name="android.permission.WRITE_EXTERNAL_STORAGE" />
28-->src\main\AndroidManifest.xml:26:5-81
28-->src\main\AndroidManifest.xml:26:22-78
29    <uses-permission android:name="com.android.launcher.permission.INSTALL_SHORTCUT" />
29-->src\main\AndroidManifest.xml:27:5-88
29-->src\main\AndroidManifest.xml:27:22-85
30    <uses-permission android:name="android.permission.INTERNET" />
30-->src\main\AndroidManifest.xml:28:5-67
30-->src\main\AndroidManifest.xml:28:22-64
31    <uses-permission android:name="android.permission.READ_CONTACTS" />
31-->src\main\AndroidManifest.xml:29:5-72
31-->src\main\AndroidManifest.xml:29:22-69
32    <uses-permission android:name="android.permission.MANAGE_ACCOUNTS" />
32-->src\main\AndroidManifest.xml:30:5-74
32-->src\main\AndroidManifest.xml:30:22-71
33    <uses-permission android:name="android.permission.AUTHENTICATE_ACCOUNTS" />
33-->src\main\AndroidManifest.xml:31:5-80
33-->src\main\AndroidManifest.xml:31:22-77
34    <uses-permission android:name="android.permission.GET_ACCOUNTS" />
34-->src\main\AndroidManifest.xml:32:5-71
34-->src\main\AndroidManifest.xml:32:22-68
35    <uses-permission android:name="android.permission.USE_CREDENTIALS" />
35-->src\main\AndroidManifest.xml:33:5-74
35-->src\main\AndroidManifest.xml:33:22-71
36    <uses-permission android:name="android.permission.RECEIVE_BOOT_COMPLETED" />
36-->src\main\AndroidManifest.xml:34:5-81
36-->src\main\AndroidManifest.xml:34:22-78
37
38    <application
38-->src\main\AndroidManifest.xml:37:5-189:19
39        android:extractNativeLibs="true"
40        android:icon="@drawable/icon_app"
40-->src\main\AndroidManifest.xml:38:9-42
41        android:label="@string/app_name" >
41-->src\main\AndroidManifest.xml:39:9-41
42        <activity
42-->src\main\AndroidManifest.xml:40:9-54:20
43            android:name="net.micode.notes.ui.NotesListActivity"
43-->src\main\AndroidManifest.xml:41:13-49
44            android:configChanges="keyboardHidden|orientation|screenSize"
44-->src\main\AndroidManifest.xml:42:13-74
45            android:label="@string/app_name"
45-->src\main\AndroidManifest.xml:43:13-45
46            android:launchMode="singleTop"
46-->src\main\AndroidManifest.xml:44:13-43
47            android:theme="@style/NoteTheme"
47-->src\main\AndroidManifest.xml:45:13-45
48            android:windowSoftInputMode="adjustPan" >
48-->src\main\AndroidManifest.xml:47:13-52
49
50            <!-- android:uiOptions="splitActionBarWhenNarrow" -->
51
52            <intent-filter>
52-->src\main\AndroidManifest.xml:50:13-53:29
53                <action android:name="android.intent.action.CALLr" />
53-->src\main\AndroidManifest.xml:51:17-70
53-->src\main\AndroidManifest.xml:51:25-67
54
55                <category android:name="android.intent.category.DEFAULT" />
55-->src\main\AndroidManifest.xml:52:17-76
55-->src\main\AndroidManifest.xml:52:27-73
56            </intent-filter>
57        </activity>
58        <activity
58-->src\main\AndroidManifest.xml:55:9-58:20
59            android:name="net.micode.notes.ui.NoteSearch"
59-->src\main\AndroidManifest.xml:56:13-42
60            android:label="@string/menu_search" >
60-->src\main\AndroidManifest.xml:57:13-48
61        </activity>
62        <activity
62-->src\main\AndroidManifest.xml:60:9-88:20
63            android:name="net.micode.notes.ui.NoteEditActivity"
63-->src\main\AndroidManifest.xml:61:13-48
64            android:configChanges="keyboardHidden|orientation|screenSize"
64-->src\main\AndroidManifest.xml:62:13-74
65            android:launchMode="singleTop"
65-->src\main\AndroidManifest.xml:63:13-43
66            android:theme="@style/NoteTheme" >
66-->src\main\AndroidManifest.xml:64:13-45
67            <intent-filter>
67-->src\main\AndroidManifest.xml:66:13-71:29
68                <action android:name="android.intent.action.VIEW" />
68-->src\main\AndroidManifest.xml:67:17-69
68-->src\main\AndroidManifest.xml:67:25-66
69
70                <category android:name="android.intent.category.DEFAULT" />
70-->src\main\AndroidManifest.xml:52:17-76
70-->src\main\AndroidManifest.xml:52:27-73
71
72                <data android:mimeType="vnd.android.cursor.item/text_note" />
72-->src\main\AndroidManifest.xml:69:17-78
72-->src\main\AndroidManifest.xml:69:23-75
73                <data android:mimeType="vnd.android.cursor.item/call_note" />
73-->src\main\AndroidManifest.xml:69:17-78
73-->src\main\AndroidManifest.xml:69:23-75
74            </intent-filter>
75            <intent-filter>
75-->src\main\AndroidManifest.xml:73:13-78:29
76                <action android:name="android.intent.action.INSERT_OR_EDIT" />
76-->src\main\AndroidManifest.xml:74:17-79
76-->src\main\AndroidManifest.xml:74:25-76
77
78                <category android:name="android.intent.category.DEFAULT" />
78-->src\main\AndroidManifest.xml:52:17-76
78-->src\main\AndroidManifest.xml:52:27-73
79
80                <data android:mimeType="vnd.android.cursor.item/text_note" />
80-->src\main\AndroidManifest.xml:69:17-78
80-->src\main\AndroidManifest.xml:69:23-75
81                <data android:mimeType="vnd.android.cursor.item/call_note" />
81-->src\main\AndroidManifest.xml:69:17-78
81-->src\main\AndroidManifest.xml:69:23-75
82            </intent-filter>
83            <intent-filter>
83-->src\main\AndroidManifest.xml:80:13-83:29
84                <action android:name="android.intent.action.SEARCH" />
84-->src\main\AndroidManifest.xml:81:17-71
84-->src\main\AndroidManifest.xml:81:25-68
85
86                <category android:name="android.intent.category.DEFAULT" />
86-->src\main\AndroidManifest.xml:52:17-76
86-->src\main\AndroidManifest.xml:52:27-73
87            </intent-filter>
88
89            <meta-data
89-->src\main\AndroidManifest.xml:85:13-87:54
90                android:name="android.app.searchable"
90-->src\main\AndroidManifest.xml:86:17-54
91                android:resource="@xml/searchable" />
91-->src\main\AndroidManifest.xml:87:17-51
92        </activity>
93        <activity
93-->src\main\AndroidManifest.xml:89:9-95:20
94            android:name="net.micode.notes.ui.PassWordEditActivity"
94-->src\main\AndroidManifest.xml:90:13-52
95            android:theme="@style/NoteActionBarStyle" >
95-->src\main\AndroidManifest.xml:91:13-54
96            <intent-filter>
96-->src\main\AndroidManifest.xml:92:13-94:29
97                <category android:name="android.intent.category.DEFAULT" />
97-->src\main\AndroidManifest.xml:52:17-76
97-->src\main\AndroidManifest.xml:52:27-73
98            </intent-filter>
99        </activity>
100        <activity
100-->src\main\AndroidManifest.xml:97:9-103:20
101            android:name="net.micode.notes.account.RegisterActivity"
101-->src\main\AndroidManifest.xml:98:13-53
102            android:theme="@style/NoteActionBarStyle" >
102-->src\main\AndroidManifest.xml:99:13-54
103            <intent-filter>
103-->src\main\AndroidManifest.xml:92:13-94:29
104                <category android:name="android.intent.category.DEFAULT" />
104-->src\main\AndroidManifest.xml:52:17-76
104-->src\main\AndroidManifest.xml:52:27-73
105            </intent-filter>
106        </activity>
107        <activity
107-->src\main\AndroidManifest.xml:105:9-111:20
108            android:name="net.micode.notes.account.LoginActivity"
108-->src\main\AndroidManifest.xml:106:13-50
109            android:theme="@style/NoteActionBarStyle" >
109-->src\main\AndroidManifest.xml:107:13-54
110            <intent-filter>
110-->src\main\AndroidManifest.xml:92:13-94:29
111                <category android:name="android.intent.category.DEFAULT" />
111-->src\main\AndroidManifest.xml:52:17-76
111-->src\main\AndroidManifest.xml:52:27-73
112            </intent-filter>
113        </activity>
114        <activity
114-->src\main\AndroidManifest.xml:112:9-119:20
115            android:name="net.micode.notes.account.BeginViewActivity"
115-->src\main\AndroidManifest.xml:113:13-54
116            android:theme="@style/NoteActionBarStyle" >
116-->src\main\AndroidManifest.xml:114:13-54
117            <intent-filter>
117-->src\main\AndroidManifest.xml:115:13-118:29
118                <action android:name="android.intent.action.MAIN" />
118-->src\main\AndroidManifest.xml:116:17-69
118-->src\main\AndroidManifest.xml:116:25-66
119
120                <category android:name="android.intent.category.LAUNCHER" />
120-->src\main\AndroidManifest.xml:117:17-76
120-->src\main\AndroidManifest.xml:117:27-74
121            </intent-filter>
122        </activity>
123
124        <provider
124-->src\main\AndroidManifest.xml:123:9-126:43
125            android:name="net.micode.notes.data.NotesProvider"
125-->src\main\AndroidManifest.xml:124:13-63
126            android:authorities="micode_notes"
126-->src\main\AndroidManifest.xml:125:13-47
127            android:multiprocess="true" />
127-->src\main\AndroidManifest.xml:126:13-40
128
129        <receiver
129-->src\main\AndroidManifest.xml:128:9-140:20
130            android:name="net.micode.notes.widget.NoteWidgetProvider_2x"
130-->src\main\AndroidManifest.xml:129:13-57
131            android:label="@string/app_widget2x2" >
131-->src\main\AndroidManifest.xml:130:13-50
132            <intent-filter>
132-->src\main\AndroidManifest.xml:131:13-135:29
133                <action android:name="android.appwidget.action.APPWIDGET_UPDATE" />
133-->src\main\AndroidManifest.xml:132:17-84
133-->src\main\AndroidManifest.xml:132:25-81
134                <action android:name="android.appwidget.action.APPWIDGET_DELETED" />
134-->src\main\AndroidManifest.xml:133:17-85
134-->src\main\AndroidManifest.xml:133:25-82
135                <action android:name="android.intent.action.PRIVACY_MODE_CHANGED" />
135-->src\main\AndroidManifest.xml:134:17-85
135-->src\main\AndroidManifest.xml:134:25-82
136            </intent-filter>
137
138            <meta-data
138-->src\main\AndroidManifest.xml:137:13-139:58
139                android:name="android.appwidget.provider"
139-->src\main\AndroidManifest.xml:138:17-58
140                android:resource="@xml/widget_2x_info" />
140-->src\main\AndroidManifest.xml:139:17-55
141        </receiver>
142        <receiver
142-->src\main\AndroidManifest.xml:141:9-154:20
143            android:name="net.micode.notes.widget.NoteWidgetProvider_4x"
143-->src\main\AndroidManifest.xml:142:13-57
144            android:label="@string/app_widget4x4" >
144-->src\main\AndroidManifest.xml:143:13-50
145            <intent-filter>
145-->src\main\AndroidManifest.xml:131:13-135:29
146                <action android:name="android.appwidget.action.APPWIDGET_UPDATE" />
146-->src\main\AndroidManifest.xml:132:17-84
146-->src\main\AndroidManifest.xml:132:25-81
147                <action android:name="android.appwidget.action.APPWIDGET_DELETED" />
147-->src\main\AndroidManifest.xml:133:17-85
147-->src\main\AndroidManifest.xml:133:25-82
148                <action android:name="android.intent.action.PRIVACY_MODE_CHANGED" />
148-->src\main\AndroidManifest.xml:134:17-85
148-->src\main\AndroidManifest.xml:134:25-82
149            </intent-filter>
150
151            <meta-data
151-->src\main\AndroidManifest.xml:137:13-139:58
152                android:name="android.appwidget.provider"
152-->src\main\AndroidManifest.xml:138:17-58
153                android:resource="@xml/widget_4x_info" />
153-->src\main\AndroidManifest.xml:139:17-55
154        </receiver>
155        <receiver android:name="net.micode.notes.ui.AlarmInitReceiver" >
155-->src\main\AndroidManifest.xml:156:9-160:20
155-->src\main\AndroidManifest.xml:156:19-55
156            <intent-filter>
156-->src\main\AndroidManifest.xml:157:13-159:29
157                <action android:name="android.intent.action.BOOT_COMPLETED" />
157-->src\main\AndroidManifest.xml:158:17-79
157-->src\main\AndroidManifest.xml:158:25-76
158            </intent-filter>
159        </receiver>
160        <receiver
160-->src\main\AndroidManifest.xml:162:9-165:20
161            android:name="net.micode.notes.ui.AlarmReceiver"
161-->src\main\AndroidManifest.xml:163:13-61
162            android:process=":remote" >
162-->src\main\AndroidManifest.xml:164:13-38
163        </receiver>
164
165        <activity
165-->src\main\AndroidManifest.xml:167:9-172:20
166            android:name="net.micode.notes.ui.AlarmAlertActivity"
166-->src\main\AndroidManifest.xml:168:13-50
167            android:label="@string/app_name"
167-->src\main\AndroidManifest.xml:169:13-45
168            android:launchMode="singleInstance"
168-->src\main\AndroidManifest.xml:170:13-48
169            android:theme="@android:style/Theme.Holo.Wallpaper.NoTitleBar" >
169-->src\main\AndroidManifest.xml:171:13-75
170        </activity>
171        <activity
171-->src\main\AndroidManifest.xml:174:9-179:20
172            android:name="net.micode.notes.ui.NotesPreferenceActivity"
172-->src\main\AndroidManifest.xml:175:13-71
173            android:label="@string/preferences_title"
173-->src\main\AndroidManifest.xml:176:13-54
174            android:launchMode="singleTop"
174-->src\main\AndroidManifest.xml:177:13-43
175            android:theme="@android:style/Theme.Holo.Light" >
175-->src\main\AndroidManifest.xml:178:13-60
176        </activity>
177
178        <service
178-->src\main\AndroidManifest.xml:181:9-184:19
179            android:name="net.micode.notes.gtask.remote.GTaskSyncService"
179-->src\main\AndroidManifest.xml:182:13-74
180            android:exported="false" >
180-->src\main\AndroidManifest.xml:183:13-37
181        </service>
182
183        <meta-data
183-->src\main\AndroidManifest.xml:186:9-188:52
184            android:name="android.app.default_searchable"
184-->src\main\AndroidManifest.xml:187:13-58
185            android:value=".ui.NoteEditActivity" />
185-->src\main\AndroidManifest.xml:188:13-49
186    </application>
187
188</manifest>